2025-02-27T11:30:22.924+07:00  INFO 17068 --- [doantonghiep] [restartedMain] c.n.d.DoantonghiepApplication            : Starting DoantonghiepApplication using Java 21.0.2 with PID 17068 (D:\DATN_KhuatQuanDuong\doantonghiep\target\classes started by ninhn in D:\DATN_KhuatQuanDuong\doantonghiep)
2025-02-27T11:30:22.931+07:00  INFO 17068 --- [doantonghiep] [restartedMain] c.n.d.DoantonghiepApplication            : No active profile set, falling back to 1 default profile: "default"
2025-02-27T11:30:23.007+07:00  INFO 17068 --- [doantonghiep] [restartedMain] .e.DevToolsPropertyDefaultsPostProcessor : Devtools property defaults active! Set 'spring.devtools.add-properties' to 'false' to disable
2025-02-27T11:30:23.008+07:00  INFO 17068 --- [doantonghiep] [restartedMain] .e.DevToolsPropertyDefaultsPostProcessor : For additional web related logging consider setting the 'logging.level.web' property to 'DEBUG'
2025-02-27T11:30:24.165+07:00  INFO 17068 --- [doantonghiep] [restartedMain] .s.d.r.c.RepositoryConfigurationDelegate : Multiple Spring Data modules found, entering strict repository configuration mode
2025-02-27T11:30:24.167+07:00  INFO 17068 --- [doantonghiep] [restartedMain] .s.d.r.c.RepositoryConfigurationDelegate : Bootstrapping Spring Data JDBC repositories in DEFAULT mode.
2025-02-27T11:30:24.234+07:00  INFO 17068 --- [doantonghiep] [restartedMain] .RepositoryConfigurationExtensionSupport : Spring Data JDBC - Could not safely identify store assignment for repository candidate interface com.nckhntu.doantonghiep.Repository.AppointmentRepository; If you want this repository to be a JDBC repository, consider annotating your entities with one of these annotations: org.springframework.data.relational.core.mapping.Table.
2025-02-27T11:30:24.236+07:00  INFO 17068 --- [doantonghiep] [restartedMain] .RepositoryConfigurationExtensionSupport : Spring Data JDBC - Could not safely identify store assignment for repository candidate interface com.nckhntu.doantonghiep.Repository.ChatRepository; If you want this repository to be a JDBC repository, consider annotating your entities with one of these annotations: org.springframework.data.relational.core.mapping.Table.
2025-02-27T11:30:24.239+07:00  INFO 17068 --- [doantonghiep] [restartedMain] .RepositoryConfigurationExtensionSupport : Spring Data JDBC - Could not safely identify store assignment for repository candidate interface com.nckhntu.doantonghiep.Repository.LogRepository; If you want this repository to be a JDBC repository, consider annotating your entities with one of these annotations: org.springframework.data.relational.core.mapping.Table.
2025-02-27T11:30:24.242+07:00  INFO 17068 --- [doantonghiep] [restartedMain] .RepositoryConfigurationExtensionSupport : Spring Data JDBC - Could not safely identify store assignment for repository candidate interface com.nckhntu.doantonghiep.Repository.PetRepository; If you want this repository to be a JDBC repository, consider annotating your entities with one of these annotations: org.springframework.data.relational.core.mapping.Table.
2025-02-27T11:30:24.245+07:00  INFO 17068 --- [doantonghiep] [restartedMain] .RepositoryConfigurationExtensionSupport : Spring Data JDBC - Could not safely identify store assignment for repository candidate interface com.nckhntu.doantonghiep.Repository.ReviewRepository; If you want this repository to be a JDBC repository, consider annotating your entities with one of these annotations: org.springframework.data.relational.core.mapping.Table.
2025-02-27T11:30:24.248+07:00  INFO 17068 --- [doantonghiep] [restartedMain] .RepositoryConfigurationExtensionSupport : Spring Data JDBC - Could not safely identify store assignment for repository candidate interface com.nckhntu.doantonghiep.Repository.RoomRepository; If you want this repository to be a JDBC repository, consider annotating your entities with one of these annotations: org.springframework.data.relational.core.mapping.Table.
2025-02-27T11:30:24.250+07:00  INFO 17068 --- [doantonghiep] [restartedMain] .RepositoryConfigurationExtensionSupport : Spring Data JDBC - Could not safely identify store assignment for repository candidate interface com.nckhntu.doantonghiep.Repository.ServiceRepository; If you want this repository to be a JDBC repository, consider annotating your entities with one of these annotations: org.springframework.data.relational.core.mapping.Table.
2025-02-27T11:30:24.253+07:00  INFO 17068 --- [doantonghiep] [restartedMain] .RepositoryConfigurationExtensionSupport : Spring Data JDBC - Could not safely identify store assignment for repository candidate interface com.nckhntu.doantonghiep.Repository.UserBuyPetRepository; If you want this repository to be a JDBC repository, consider annotating your entities with one of these annotations: org.springframework.data.relational.core.mapping.Table.
2025-02-27T11:30:24.257+07:00  INFO 17068 --- [doantonghiep] [restartedMain] .RepositoryConfigurationExtensionSupport : Spring Data JDBC - Could not safely identify store assignment for repository candidate interface com.nckhntu.doantonghiep.Repository.UserRepository; If you want this repository to be a JDBC repository, consider annotating your entities with one of these annotations: org.springframework.data.relational.core.mapping.Table.
2025-02-27T11:30:24.258+07:00  INFO 17068 --- [doantonghiep] [restartedMain] .s.d.r.c.RepositoryConfigurationDelegate : Finished Spring Data repository scanning in 83 ms. Found 0 JDBC repository interfaces.
2025-02-27T11:30:24.271+07:00  INFO 17068 --- [doantonghiep] [restartedMain] .s.d.r.c.RepositoryConfigurationDelegate : Multiple Spring Data modules found, entering strict repository configuration mode
2025-02-27T11:30:24.272+07:00  INFO 17068 --- [doantonghiep] [restartedMain] .s.d.r.c.RepositoryConfigurationDelegate : Bootstrapping Spring Data JPA repositories in DEFAULT mode.
2025-02-27T11:30:24.481+07:00  INFO 17068 --- [doantonghiep] [restartedMain] .s.d.r.c.RepositoryConfigurationDelegate : Finished Spring Data repository scanning in 204 ms. Found 9 JPA repository interfaces.
2025-02-27T11:30:24.918+07:00  WARN 17068 --- [doantonghiep] [restartedMain] trationDelegate$BeanPostProcessorChecker : Bean 'org.springframework.ws.config.annotation.DelegatingWsConfiguration' of type [org.springframework.ws.config.annotation.DelegatingWsConfiguration$$SpringCGLIB$$0] is not eligible for getting processed by all BeanPostProcessors (for example: not eligible for auto-proxying). The currently created BeanPostProcessor [annotationActionEndpointMapping] is declared through a non-static factory method on that class; consider declaring it as static instead.
2025-02-27T11:30:24.953+07:00  INFO 17068 --- [doantonghiep] [restartedMain] .w.s.a.s.AnnotationActionEndpointMapping : Supporting [WS-Addressing August 2004, WS-Addressing 1.0]
2025-02-27T11:30:25.303+07:00  INFO 17068 --- [doantonghiep] [restartedMain] o.s.b.w.embedded.tomcat.TomcatWebServer  : Tomcat initialized with port 8080 (http)
2025-02-27T11:30:25.317+07:00  INFO 17068 --- [doantonghiep] [restartedMain] o.apache.catalina.core.StandardService   : Starting service [Tomcat]
2025-02-27T11:30:25.318+07:00  INFO 17068 --- [doantonghiep] [restartedMain] o.apache.catalina.core.StandardEngine    : Starting Servlet engine: [Apache Tomcat/10.1.34]
2025-02-27T11:30:25.377+07:00  INFO 17068 --- [doantonghiep] [restartedMain] o.a.c.c.C.[Tomcat].[localhost].[/]       : Initializing Spring embedded WebApplicationContext
2025-02-27T11:30:25.377+07:00  INFO 17068 --- [doantonghiep] [restartedMain] w.s.c.ServletWebServerApplicationContext : Root WebApplicationContext: initialization completed in 2368 ms
2025-02-27T11:30:25.581+07:00  INFO 17068 --- [doantonghiep] [restartedMain] o.hibernate.jpa.internal.util.LogHelper  : HHH000204: Processing PersistenceUnitInfo [name: default]
2025-02-27T11:30:25.644+07:00  INFO 17068 --- [doantonghiep] [restartedMain] org.hibernate.Version                    : HHH000412: Hibernate ORM core version 6.6.5.Final
2025-02-27T11:30:25.683+07:00  INFO 17068 --- [doantonghiep] [restartedMain] o.h.c.internal.RegionFactoryInitiator    : HHH000026: Second-level cache disabled
2025-02-27T11:30:25.978+07:00  INFO 17068 --- [doantonghiep] [restartedMain] o.s.o.j.p.SpringPersistenceUnitInfo      : No LoadTimeWeaver setup: ignoring JPA class transformer
2025-02-27T11:30:26.010+07:00  INFO 17068 --- [doantonghiep] [restartedMain] com.zaxxer.hikari.HikariDataSource       : HikariPool-1 - Starting...
2025-02-27T11:30:26.470+07:00  INFO 17068 --- [doantonghiep] [restartedMain] com.zaxxer.hikari.pool.HikariPool        : HikariPool-1 - Added connection ConnectionID:1 ClientConnectionId: 069176bc-67c2-4f8a-bf4b-3eca4809909c
2025-02-27T11:30:26.472+07:00  INFO 17068 --- [doantonghiep] [restartedMain] com.zaxxer.hikari.HikariDataSource       : HikariPool-1 - Start completed.
2025-02-27T11:30:26.498+07:00  WARN 17068 --- [doantonghiep] [restartedMain] org.hibernate.orm.deprecation            : HHH90000025: SQLServer2012Dialect does not need to be specified explicitly using 'hibernate.dialect' (remove the property setting and it will be selected by default)
2025-02-27T11:30:26.500+07:00  WARN 17068 --- [doantonghiep] [restartedMain] org.hibernate.orm.deprecation            : HHH90000026: SQLServer2012Dialect has been deprecated; use org.hibernate.dialect.SQLServerDialect instead
2025-02-27T11:30:26.532+07:00  INFO 17068 --- [doantonghiep] [restartedMain] org.hibernate.orm.connections.pooling    : HHH10001005: Database info:
	Database JDBC URL [Connecting through datasource 'HikariDataSource (HikariPool-1)']
	Database driver: undefined/unknown
	Database version: 11.0
	Autocommit mode: undefined/unknown
	Isolation level: undefined/unknown
	Minimum pool size: undefined/unknown
	Maximum pool size: undefined/unknown
2025-02-27T11:30:27.608+07:00  INFO 17068 --- [doantonghiep] [restartedMain] o.h.e.t.j.p.i.JtaPlatformInitiator       : HHH000489: No JTA platform available (set 'hibernate.transaction.jta.platform' to enable JTA platform integration)
2025-02-27T11:30:28.661+07:00  INFO 17068 --- [doantonghiep] [restartedMain] j.LocalContainerEntityManagerFactoryBean : Initialized JPA EntityManagerFactory for persistence unit 'default'
2025-02-27T11:30:28.683+07:00  INFO 17068 --- [doantonghiep] [restartedMain] f.a.AutowiredAnnotationBeanPostProcessor : Autowired annotation is not supported on static fields: private static final long com.nckhntu.doantonghiep.Config.JwtAuthenticationEntryPoint.serialVersionUID
2025-02-27T11:30:28.977+07:00  INFO 17068 --- [doantonghiep] [restartedMain] o.s.d.j.r.query.QueryEnhancerFactory     : Hibernate is in classpath; If applicable, HQL parser will be used.
2025-02-27T11:30:29.653+07:00  INFO 17068 --- [doantonghiep] [restartedMain] r$InitializeUserDetailsManagerConfigurer : Global AuthenticationManager configured with UserDetailsService bean with name customUserDetailsService
2025-02-27T11:30:29.955+07:00  WARN 17068 --- [doantonghiep] [restartedMain] JpaBaseConfiguration$JpaWebConfiguration : spring.jpa.open-in-view is enabled by default. Therefore, database queries may be performed during view rendering. Explicitly configure spring.jpa.open-in-view to disable this warning
2025-02-27T11:30:30.548+07:00  WARN 17068 --- [doantonghiep] [restartedMain] o.s.data.convert.CustomConversions       : Registering converter from class microsoft.sql.DateTimeOffset to class java.time.OffsetDateTime as reading converter although it doesn't convert from a store-supported type; You might want to check your annotation setup at the converter implementation
2025-02-27T11:30:30.549+07:00  WARN 17068 --- [doantonghiep] [restartedMain] o.s.data.convert.CustomConversions       : Registering converter from class microsoft.sql.DateTimeOffset to class java.time.Instant as reading converter although it doesn't convert from a store-supported type; You might want to check your annotation setup at the converter implementation
2025-02-27T11:30:30.733+07:00  INFO 17068 --- [doantonghiep] [restartedMain] o.s.b.d.a.OptionalLiveReloadServer       : LiveReload server is running on port 35729
2025-02-27T11:30:30.839+07:00  INFO 17068 --- [doantonghiep] [restartedMain] o.s.b.w.embedded.tomcat.TomcatWebServer  : Tomcat started on port 8080 (http) with context path '/'
2025-02-27T11:30:30.846+07:00  INFO 17068 --- [doantonghiep] [restartedMain] c.n.d.DoantonghiepApplication            : Started DoantonghiepApplication in 8.698 seconds (process running for 10.344)
2025-02-27T11:30:49.029+07:00  INFO 17068 --- [doantonghiep] [http-nio-8080-exec-1] o.a.c.c.C.[Tomcat].[localhost].[/]       : Initializing Spring DispatcherServlet 'dispatcherServlet'
2025-02-27T11:30:49.030+07:00  INFO 17068 --- [doantonghiep] [http-nio-8080-exec-1] o.s.web.servlet.DispatcherServlet        : Initializing Servlet 'dispatcherServlet'
2025-02-27T11:30:49.031+07:00  INFO 17068 --- [doantonghiep] [http-nio-8080-exec-1] o.s.web.servlet.DispatcherServlet        : Completed initialization in 1 ms
2025-02-27T11:30:54.559+07:00  WARN 17068 --- [doantonghiep] [http-nio-8080-exec-4] actStandardFragmentInsertionTagProcessor : [THYMELEAF][http-nio-8080-exec-4][Admin/dashboard] Deprecated unwrapped fragment expression "Admin/Layout/header" found in template Admin/dashboard, line 110, col 11. Please use the complete syntax of fragment expressions instead ("~{Admin/Layout/header}"). The old, unwrapped syntax for fragment expressions will be removed in future versions of Thymeleaf.
2025-02-27T11:30:54.677+07:00  WARN 17068 --- [doantonghiep] [http-nio-8080-exec-4] actStandardFragmentInsertionTagProcessor : [THYMELEAF][http-nio-8080-exec-4][Admin/dashboard] Deprecated unwrapped fragment expression "Admin/Layout/navbar" found in template Admin/dashboard, line 113, col 11. Please use the complete syntax of fragment expressions instead ("~{Admin/Layout/navbar}"). The old, unwrapped syntax for fragment expressions will be removed in future versions of Thymeleaf.
2025-02-27T11:31:04.704+07:00  WARN 17068 --- [doantonghiep] [http-nio-8080-exec-3] actStandardFragmentInsertionTagProcessor : [THYMELEAF][http-nio-8080-exec-3][Admin/Users/List-User] Deprecated unwrapped fragment expression "Admin/Layout/header" found in template Admin/Users/List-User, line 50, col 11. Please use the complete syntax of fragment expressions instead ("~{Admin/Layout/header}"). The old, unwrapped syntax for fragment expressions will be removed in future versions of Thymeleaf.
2025-02-27T11:31:04.707+07:00  WARN 17068 --- [doantonghiep] [http-nio-8080-exec-3] actStandardFragmentInsertionTagProcessor : [THYMELEAF][http-nio-8080-exec-3][Admin/Users/List-User] Deprecated unwrapped fragment expression "Admin/Layout/navbar" found in template Admin/Users/List-User, line 51, col 11. Please use the complete syntax of fragment expressions instead ("~{Admin/Layout/navbar}"). The old, unwrapped syntax for fragment expressions will be removed in future versions of Thymeleaf.
2025-02-27T11:31:07.694+07:00  WARN 17068 --- [doantonghiep] [http-nio-8080-exec-6] actStandardFragmentInsertionTagProcessor : [THYMELEAF][http-nio-8080-exec-6][Profiles/Profile] Deprecated unwrapped fragment expression "Layout/Header" found in template Profiles/Profile, line 223, col 11. Please use the complete syntax of fragment expressions instead ("~{Layout/Header}"). The old, unwrapped syntax for fragment expressions will be removed in future versions of Thymeleaf.
2025-02-27T11:31:07.759+07:00  WARN 17068 --- [doantonghiep] [http-nio-8080-exec-6] actStandardFragmentInsertionTagProcessor : [THYMELEAF][http-nio-8080-exec-6][Profiles/Profile] Deprecated unwrapped fragment expression "Layout/Profile-navbar" found in template Profiles/Profile, line 228, col 15. Please use the complete syntax of fragment expressions instead ("~{Layout/Profile-navbar}"). The old, unwrapped syntax for fragment expressions will be removed in future versions of Thymeleaf.
2025-02-27T11:31:07.781+07:00  WARN 17068 --- [doantonghiep] [http-nio-8080-exec-6] actStandardFragmentInsertionTagProcessor : [THYMELEAF][http-nio-8080-exec-6][Profiles/Profile] Deprecated unwrapped fragment expression "Layout/Footer" found in template Profiles/Profile, line 260, col 11. Please use the complete syntax of fragment expressions instead ("~{Layout/Footer}"). The old, unwrapped syntax for fragment expressions will be removed in future versions of Thymeleaf.
2025-02-27T11:31:13.451+07:00  WARN 17068 --- [doantonghiep] [http-nio-8080-exec-2] actStandardFragmentInsertionTagProcessor : [THYMELEAF][http-nio-8080-exec-2][Profiles/Update-profile] Deprecated unwrapped fragment expression "Layout/Header" found in template Profiles/Update-profile, line 131, col 11. Please use the complete syntax of fragment expressions instead ("~{Layout/Header}"). The old, unwrapped syntax for fragment expressions will be removed in future versions of Thymeleaf.
2025-02-27T11:31:13.455+07:00  WARN 17068 --- [doantonghiep] [http-nio-8080-exec-2] actStandardFragmentInsertionTagProcessor : [THYMELEAF][http-nio-8080-exec-2][Profiles/Update-profile] Deprecated unwrapped fragment expression "Layout/Profile-navbar" found in template Profiles/Update-profile, line 136, col 15. Please use the complete syntax of fragment expressions instead ("~{Layout/Profile-navbar}"). The old, unwrapped syntax for fragment expressions will be removed in future versions of Thymeleaf.
2025-02-27T11:31:13.482+07:00  WARN 17068 --- [doantonghiep] [http-nio-8080-exec-2] actStandardFragmentInsertionTagProcessor : [THYMELEAF][http-nio-8080-exec-2][Profiles/Update-profile] Deprecated unwrapped fragment expression "Layout/Footer" found in template Profiles/Update-profile, line 175, col 11. Please use the complete syntax of fragment expressions instead ("~{Layout/Footer}"). The old, unwrapped syntax for fragment expressions will be removed in future versions of Thymeleaf.
2025-02-27T11:31:15.920+07:00  WARN 17068 --- [doantonghiep] [http-nio-8080-exec-3] actStandardFragmentInsertionTagProcessor : [THYMELEAF][http-nio-8080-exec-3][list-pets] Deprecated unwrapped fragment expression "Layout/Header" found in template list-pets, line 103, col 11. Please use the complete syntax of fragment expressions instead ("~{Layout/Header}"). The old, unwrapped syntax for fragment expressions will be removed in future versions of Thymeleaf.
2025-02-27T11:31:15.929+07:00  WARN 17068 --- [doantonghiep] [http-nio-8080-exec-3] actStandardFragmentInsertionTagProcessor : [THYMELEAF][http-nio-8080-exec-3][list-pets] Deprecated unwrapped fragment expression "Layout/Footer" found in template list-pets, line 167, col 11. Please use the complete syntax of fragment expressions instead ("~{Layout/Footer}"). The old, unwrapped syntax for fragment expressions will be removed in future versions of Thymeleaf.
2025-02-27T11:31:37.656+07:00  WARN 17068 --- [doantonghiep] [http-nio-8080-exec-10] actStandardFragmentInsertionTagProcessor : [THYMELEAF][http-nio-8080-exec-10][Pet-detail] Deprecated unwrapped fragment expression "Layout/Header" found in template Pet-detail, line 104, col 11. Please use the complete syntax of fragment expressions instead ("~{Layout/Header}"). The old, unwrapped syntax for fragment expressions will be removed in future versions of Thymeleaf.
2025-02-27T11:31:37.665+07:00  WARN 17068 --- [doantonghiep] [http-nio-8080-exec-10] actStandardFragmentInsertionTagProcessor : [THYMELEAF][http-nio-8080-exec-10][Pet-detail] Deprecated unwrapped fragment expression "Layout/Footer" found in template Pet-detail, line 133, col 11. Please use the complete syntax of fragment expressions instead ("~{Layout/Footer}"). The old, unwrapped syntax for fragment expressions will be removed in future versions of Thymeleaf.
2025-02-27T11:32:55.585+07:00  WARN 17068 --- [doantonghiep] [http-nio-8080-exec-6] actStandardFragmentInsertionTagProcessor : [THYMELEAF][http-nio-8080-exec-6][Pet-detail] Deprecated unwrapped fragment expression "Layout/Header" found in template Pet-detail, line 104, col 11. Please use the complete syntax of fragment expressions instead ("~{Layout/Header}"). The old, unwrapped syntax for fragment expressions will be removed in future versions of Thymeleaf.
2025-02-27T11:32:55.593+07:00  WARN 17068 --- [doantonghiep] [http-nio-8080-exec-6] actStandardFragmentInsertionTagProcessor : [THYMELEAF][http-nio-8080-exec-6][Pet-detail] Deprecated unwrapped fragment expression "Layout/Footer" found in template Pet-detail, line 133, col 11. Please use the complete syntax of fragment expressions instead ("~{Layout/Footer}"). The old, unwrapped syntax for fragment expressions will be removed in future versions of Thymeleaf.
2025-02-27T11:33:01.526+07:00  WARN 17068 --- [doantonghiep] [http-nio-8080-exec-2] actStandardFragmentInsertionTagProcessor : [THYMELEAF][http-nio-8080-exec-2][list-pets] Deprecated unwrapped fragment expression "Layout/Header" found in template list-pets, line 103, col 11. Please use the complete syntax of fragment expressions instead ("~{Layout/Header}"). The old, unwrapped syntax for fragment expressions will be removed in future versions of Thymeleaf.
2025-02-27T11:33:01.534+07:00  WARN 17068 --- [doantonghiep] [http-nio-8080-exec-2] actStandardFragmentInsertionTagProcessor : [THYMELEAF][http-nio-8080-exec-2][list-pets] Deprecated unwrapped fragment expression "Layout/Footer" found in template list-pets, line 167, col 11. Please use the complete syntax of fragment expressions instead ("~{Layout/Footer}"). The old, unwrapped syntax for fragment expressions will be removed in future versions of Thymeleaf.
2025-02-27T11:33:03.090+07:00  WARN 17068 --- [doantonghiep] [http-nio-8080-exec-7] actStandardFragmentInsertionTagProcessor : [THYMELEAF][http-nio-8080-exec-7][list-service] Deprecated unwrapped fragment expression "Layout/Header" found in template list-service, line 97, col 11. Please use the complete syntax of fragment expressions instead ("~{Layout/Header}"). The old, unwrapped syntax for fragment expressions will be removed in future versions of Thymeleaf.
2025-02-27T11:33:03.097+07:00  WARN 17068 --- [doantonghiep] [http-nio-8080-exec-7] actStandardFragmentInsertionTagProcessor : [THYMELEAF][http-nio-8080-exec-7][list-service] Deprecated unwrapped fragment expression "Layout/Footer" found in template list-service, line 139, col 11. Please use the complete syntax of fragment expressions instead ("~{Layout/Footer}"). The old, unwrapped syntax for fragment expressions will be removed in future versions of Thymeleaf.
2025-02-27T11:33:07.013+07:00  WARN 17068 --- [doantonghiep] [http-nio-8080-exec-2] actStandardFragmentInsertionTagProcessor : [THYMELEAF][http-nio-8080-exec-2][Service-detail] Deprecated unwrapped fragment expression "Layout/Header" found in template Service-detail, line 158, col 11. Please use the complete syntax of fragment expressions instead ("~{Layout/Header}"). The old, unwrapped syntax for fragment expressions will be removed in future versions of Thymeleaf.
2025-02-27T11:33:07.048+07:00  WARN 17068 --- [doantonghiep] [http-nio-8080-exec-2] actStandardFragmentInsertionTagProcessor : [THYMELEAF][http-nio-8080-exec-2][Service-detail] Deprecated unwrapped fragment expression "Layout/Footer" found in template Service-detail, line 230, col 11. Please use the complete syntax of fragment expressions instead ("~{Layout/Footer}"). The old, unwrapped syntax for fragment expressions will be removed in future versions of Thymeleaf.
2025-02-27T11:33:12.247+07:00  WARN 17068 --- [doantonghiep] [http-nio-8080-exec-9] actStandardFragmentInsertionTagProcessor : [THYMELEAF][http-nio-8080-exec-9][home] Deprecated unwrapped fragment expression "Layout/Header" found in template home, line 179, col 11. Please use the complete syntax of fragment expressions instead ("~{Layout/Header}"). The old, unwrapped syntax for fragment expressions will be removed in future versions of Thymeleaf.
2025-02-27T11:33:12.255+07:00  WARN 17068 --- [doantonghiep] [http-nio-8080-exec-9] actStandardFragmentInsertionTagProcessor : [THYMELEAF][http-nio-8080-exec-9][home] Deprecated unwrapped fragment expression "Layout/Footer" found in template home, line 249, col 11. Please use the complete syntax of fragment expressions instead ("~{Layout/Footer}"). The old, unwrapped syntax for fragment expressions will be removed in future versions of Thymeleaf.
2025-02-27T11:33:39.114+07:00  INFO 17068 --- [doantonghiep] [SpringApplicationShutdownHook] o.s.b.w.e.tomcat.GracefulShutdown        : Commencing graceful shutdown. Waiting for active requests to complete
2025-02-27T11:33:39.160+07:00  INFO 17068 --- [doantonghiep] [tomcat-shutdown] o.s.b.w.e.tomcat.GracefulShutdown        : Graceful shutdown complete
2025-02-27T11:33:39.202+07:00  INFO 17068 --- [doantonghiep] [SpringApplicationShutdownHook] j.LocalContainerEntityManagerFactoryBean : Closing JPA EntityManagerFactory for persistence unit 'default'
2025-02-27T11:33:39.206+07:00  INFO 17068 --- [doantonghiep] [SpringApplicationShutdownHook] com.zaxxer.hikari.HikariDataSource       : HikariPool-1 - Shutdown initiated...
2025-02-27T11:33:39.208+07:00  INFO 17068 --- [doantonghiep] [SpringApplicationShutdownHook] com.zaxxer.hikari.HikariDataSource       : HikariPool-1 - Shutdown completed.
